The system is: Windows - 10.0.19041 - AMD64
Compiling the C compiler identification source file "CMakeCCompilerId.c" succeeded.
Compiler: C:/Program Files (x86)/Microsoft Visual Studio/2019/Community/VC/Tools/MSVC/14.27.29110/bin/HostX64/x64/cl.exe 
Build flags: 
Id flags:  

The output was:
0
Microsoft (R) C/C++ Optimizing Compiler Version 19.27.29111 for x64
Copyright (C) Microsoft Corporation.  All rights reserved.

CMakeCCompilerId.c
Microsoft (R) Incremental Linker Version 14.27.29111.0
Copyright (C) Microsoft Corporation.  All rights reserved.

/out:CMakeCCompilerId.exe 
CMakeCCompilerId.obj 


Compilation of the C compiler identification source "CMakeCCompilerId.c" produced "CMakeCCompilerId.exe"

Compilation of the C compiler identification source "CMakeCCompilerId.c" produced "CMakeCCompilerId.obj"

The C compiler identification is MSVC, found in "C:/programacao/tomographer/build-tomographer-lib-Desktop_Qt_5_15_1_MSVC2019_64bit-Release/CMakeFiles/3.17.1/CompilerIdC/CMakeCCompilerId.exe"

Compiling the CXX compiler identification source file "CMakeCXXCompilerId.cpp" succeeded.
Compiler: C:/Program Files (x86)/Microsoft Visual Studio/2019/Community/VC/Tools/MSVC/14.27.29110/bin/HostX64/x64/cl.exe 
Build flags: 
Id flags:  

The output was:
0
Microsoft (R) C/C++ Optimizing Compiler Version 19.27.29111 for x64
Copyright (C) Microsoft Corporation.  All rights reserved.

CMakeCXXCompilerId.cpp
Microsoft (R) Incremental Linker Version 14.27.29111.0
Copyright (C) Microsoft Corporation.  All rights reserved.

/out:CMakeCXXCompilerId.exe 
CMakeCXXCompilerId.obj 


Compilation of the CXX compiler identification source "CMakeCXXCompilerId.cpp" produced "CMakeCXXCompilerId.exe"

Compilation of the CXX compiler identification source "CMakeCXXCompilerId.cpp" produced "CMakeCXXCompilerId.obj"

The CXX compiler identification is MSVC, found in "C:/programacao/tomographer/build-tomographer-lib-Desktop_Qt_5_15_1_MSVC2019_64bit-Release/CMakeFiles/3.17.1/CompilerIdCXX/CMakeCXXCompilerId.exe"

Determining if the C compiler works passed with the following output:
Change Dir: C:/programacao/tomographer/build-tomographer-lib-Desktop_Qt_5_15_1_MSVC2019_64bit-Release/CMakeFiles/CMakeTmp

Run Build Command(s):C:/ProgramData/chocolatey/bin/ninja.exe cmTC_a6665 && [1/2] Building C object CMakeFiles\cmTC_a6665.dir\testCCompiler.c.obj
[2/2] Linking C executable cmTC_a6665.exe



Detecting C compiler ABI info compiled with the following output:
Change Dir: C:/programacao/tomographer/build-tomographer-lib-Desktop_Qt_5_15_1_MSVC2019_64bit-Release/CMakeFiles/CMakeTmp

Run Build Command(s):C:/ProgramData/chocolatey/bin/ninja.exe cmTC_bff5c && [1/2] Building C object CMakeFiles\cmTC_bff5c.dir\CMakeCCompilerABI.c.obj
[2/2] Linking C executable cmTC_bff5c.exe



Determining if the CXX compiler works passed with the following output:
Change Dir: C:/programacao/tomographer/build-tomographer-lib-Desktop_Qt_5_15_1_MSVC2019_64bit-Release/CMakeFiles/CMakeTmp

Run Build Command(s):C:/ProgramData/chocolatey/bin/ninja.exe cmTC_8cf29 && [1/2] Building CXX object CMakeFiles\cmTC_8cf29.dir\testCXXCompiler.cxx.obj
[2/2] Linking CXX executable cmTC_8cf29.exe



Detecting CXX compiler ABI info compiled with the following output:
Change Dir: C:/programacao/tomographer/build-tomographer-lib-Desktop_Qt_5_15_1_MSVC2019_64bit-Release/CMakeFiles/CMakeTmp

Run Build Command(s):C:/ProgramData/chocolatey/bin/ninja.exe cmTC_7e9b6 && [1/2] Building CXX object CMakeFiles\cmTC_7e9b6.dir\CMakeCXXCompilerABI.cpp.obj
[2/2] Linking CXX executable cmTC_7e9b6.exe



